<?xml version="1.0" encoding="UTF-8"?>
<testsuite xmlns:xsi="http://www.w3.org/2001/XMLSchema-instance" xsi:noNamespaceSchemaLocation="https://maven.apache.org/surefire/maven-surefire-plugin/xsd/surefire-test-report.xsd" version="3.0.2" name="com.cs3300g1.backend.BackendApplicationTests" time="13.325" tests="1" errors="0" skipped="0" failures="0">
  <properties>
[...]
</properties>
  <testcase name="contextLoads" classname="com.cs3300g1.backend.BackendApplicationTests" time="1.71">
    <system-out><![CDATA[19:24:27.612 [main] INFO org.springframework.test.context.support.AnnotationConfigContextLoaderUtils -- Could not detect default configuration classes for test class [com.cs3300g1.backend.BackendApplicationTests]: BackendApplicationTests does not declare any static, non-private, non-final, nested classes annotated with @Configuration.
19:24:27.958 [main] INFO org.springframework.boot.test.context.SpringBootTestContextBootstrapper -- Found @SpringBootConfiguration com.cs3300g1.backend.BackendApplication for test class com.cs3300g1.backend.BackendApplicationTests

  .   ____          _            __ _ _
 /\\ / ___'_ __ _ _(_)_ __  __ _ \ \ \ \
( ( )\___ | '_ | '_| | '_ \/ _` | \ \ \ \
 \\/  ___)| |_)| | | | | || (_| |  ) ) ) )
  '  |____| .__|_| |_|_| |_\__, | / / / /
 =========|_|==============|___/=/_/_/_/

 :: Spring Boot ::                (v3.5.0)

2025-07-06T19:24:29.645-04:00  INFO 14988 --- [backend] [           main] c.c.backend.BackendApplicationTests      : Starting BackendApplicationTests using Java 17.0.15 with PID 14988 (started by danie in c:\Users\danie\OneDrive\Documents\GitHub\NutriCast\backend)
2025-07-06T19:24:29.651-04:00  INFO 14988 --- [backend] [           main] c.c.backend.BackendApplicationTests      : No active profile set, falling back to 1 default profile: "default"
2025-07-06T19:24:31.276-04:00  INFO 14988 --- [backend] [           main] .s.d.r.c.RepositoryConfigurationDelegate : Bootstrapping Spring Data MongoDB repositories in DEFAULT mode.
2025-07-06T19:24:31.557-04:00  INFO 14988 --- [backend] [           main] .s.d.r.c.RepositoryConfigurationDelegate : Finished Spring Data repository scanning in 244 ms. Found 3 MongoDB repository interfaces.
2025-07-06T19:24:34.614-04:00  INFO 14988 --- [backend] [7kd.mongodb.net] org.mongodb.driver.cluster               : Adding discovered server ac-z7k8lud-shard-00-01.gtzs7kd.mongodb.net:27017 to client view of cluster
2025-07-06T19:24:34.745-04:00  INFO 14988 --- [backend] [           main] org.mongodb.driver.client                : MongoClient with metadata {"application": {"name": "Cluster0"}, "driver": {"name": "mongo-java-driver|sync|spring-boot", "version": "5.4.0"}, "os": {"type": "Windows", "name": "Windows 11", "architecture": "amd64", "version": "10.0"}, "platform": "Java/Eclipse Adoptium/17.0.15+6"} created with settings MongoClientSettings{readPreference=primary, writeConcern=WriteConcern{w=majority, wTimeout=null ms, journal=null}, retryWrites=true, retryReads=true, readConcern=ReadConcern{level=null}, credential=MongoCredential{mechanism=null, userName='Rexxwell', source='admin', password=<hidden>, mechanismProperties=<hidden>}, transportSettings=null, commandListeners=[], codecRegistry=ProvidersCodecRegistry{codecProviders=[ValueCodecProvider{}, BsonValueCodecProvider{}, DBRefCodecProvider{}, DBObjectCodecProvider{}, DocumentCodecProvider{}, CollectionCodecProvider{}, IterableCodecProvider{}, MapCodecProvider{}, GeoJsonCodecProvider{}, GridFSFileCodecProvider{}, Jsr310CodecProvider{}, JsonObjectCodecProvider{}, BsonCodecProvider{}, EnumCodecProvider{}, com.mongodb.client.model.mql.ExpressionCodecProvider@5c48b72c, com.mongodb.Jep395RecordCodecProvider@6e1ae763, com.mongodb.KotlinCodecProvider@62d40e31]}, loggerSettings=LoggerSettings{maxDocumentLength=1000}, clusterSettings={hosts=[127.0.0.1:27017], srvHost=cluster0.gtzs7kd.mongodb.net, srvServiceName=mongodb, mode=MULTIPLE, requiredClusterType=REPLICA_SET, requiredReplicaSetName='atlas-sm8x0n-shard-0', serverSelector='null', clusterListeners='[]', serverSelectionTimeout='30000 ms', localThreshold='15 ms'}, socketSettings=SocketSettings{connectTimeoutMS=10000, readTimeoutMS=0, receiveBufferSize=0, proxySettings=ProxySettings{host=null, port=null, username=null, password=null}}, heartbeatSocketSettings=SocketSettings{connectTimeoutMS=10000, readTimeoutMS=10000, receiveBufferSize=0, proxySettings=ProxySettings{host=null, port=null, username=null, password=null}}, connectionPoolSettings=ConnectionPoolSettings{maxSize=100, minSize=0, maxWaitTimeMS=120000, maxConnectionLifeTimeMS=0, maxConnectionIdleTimeMS=0, maintenanceInitialDelayMS=0, maintenanceFrequencyMS=60000, connectionPoolListeners=[], maxConnecting=2}, serverSettings=ServerSettings{heartbeatFrequencyMS=10000, minHeartbeatFrequencyMS=500, serverMonitoringMode=AUTO, serverListeners='[]', serverMonitorListeners='[]'}, sslSettings=SslSettings{enabled=true, invalidHostNameAllowed=false, context=null}, applicationName='Cluster0', compressorList=[], uuidRepresentation=JAVA_LEGACY, serverApi=null, autoEncryptionSettings=null, dnsClient=null, inetAddressResolver=null, contextProvider=null, timeoutMS=null}
2025-07-06T19:24:34.770-04:00  INFO 14988 --- [backend] [7kd.mongodb.net] org.mongodb.driver.cluster               : Adding discovered server ac-z7k8lud-shard-00-02.gtzs7kd.mongodb.net:27017 to client view of cluster
2025-07-06T19:24:34.776-04:00  INFO 14988 --- [backend] [7kd.mongodb.net] org.mongodb.driver.cluster               : Adding discovered server ac-z7k8lud-shard-00-00.gtzs7kd.mongodb.net:27017 to client view of cluster
2025-07-06T19:24:35.099-04:00  WARN 14988 --- [backend] [           main] o.s.data.convert.CustomConversions       : Registering converter from interface java.util.List to interface org.springframework.data.domain.Vector as reading converter although it doesn't convert from a store-supported type; You might want to check your annotation setup at the converter implementation
2025-07-06T19:24:35.534-04:00  WARN 14988 --- [backend] [           main] o.s.data.convert.CustomConversions       : Registering converter from interface java.util.List to interface org.springframework.data.domain.Vector as reading converter although it doesn't convert from a store-supported type; You might want to check your annotation setup at the converter implementation
2025-07-06T19:24:35.843-04:00  INFO 14988 --- [backend] [ngodb.net:27017] org.mongodb.driver.cluster               : Monitor thread successfully connected to server with description ServerDescription{address=ac-z7k8lud-shard-00-00.gtzs7kd.mongodb.net:27017, type=REPLICA_SET_SECONDARY, cryptd=false, state=CONNECTED, ok=true, minWireVersion=0, maxWireVersion=25, maxDocumentSize=16777216, logicalSessionTimeoutMinutes=30, roundTripTimeNanos=647214300, minRoundTripTimeNanos=0, setName='atlas-sm8x0n-shard-0', canonicalAddress=ac-z7k8lud-shard-00-00.gtzs7kd.mongodb.net:27017, hosts=[ac-z7k8lud-shard-00-00.gtzs7kd.mongodb.net:27017, ac-z7k8lud-shard-00-01.gtzs7kd.mongodb.net:27017, ac-z7k8lud-shard-00-02.gtzs7kd.mongodb.net:27017], passives=[], arbiters=[], primary='ac-z7k8lud-shard-00-02.gtzs7kd.mongodb.net:27017', tagSet=TagSet{[Tag{name='availabilityZone', value='use1-az2'}, Tag{name='diskState', value='READY'}, Tag{name='nodeType', value='ELECTABLE'}, Tag{name='provider', value='AWS'}, Tag{name='region', value='US_EAST_1'}, Tag{name='workloadType', value='OPERATIONAL'}]}, electionId=null, setVersion=197, topologyVersion=TopologyVersion{processId=6865778200821fc03339054f, counter=4}, lastWriteDate=Sun Jul 06 19:24:36 EDT 2025, lastUpdateTimeNanos=1306511365717200}
2025-07-06T19:24:35.843-04:00  INFO 14988 --- [backend] [ngodb.net:27017] org.mongodb.driver.cluster               : Monitor thread successfully connected to server with description ServerDescription{address=ac-z7k8lud-shard-00-02.gtzs7kd.mongodb.net:27017, type=REPLICA_SET_PRIMARY, cryptd=false, state=CONNECTED, ok=true, minWireVersion=0, maxWireVersion=25, maxDocumentSize=16777216, logicalSessionTimeoutMinutes=30, roundTripTimeNanos=647488500, minRoundTripTimeNanos=0, setName='atlas-sm8x0n-shard-0', canonicalAddress=ac-z7k8lud-shard-00-02.gtzs7kd.mongodb.net:27017, hosts=[ac-z7k8lud-shard-00-00.gtzs7kd.mongodb.net:27017, ac-z7k8lud-shard-00-01.gtzs7kd.mongodb.net:27017, ac-z7k8lud-shard-00-02.gtzs7kd.mongodb.net:27017], passives=[], arbiters=[], primary='ac-z7k8lud-shard-00-02.gtzs7kd.mongodb.net:27017', tagSet=TagSet{[Tag{name='availabilityZone', value='use1-az5'}, Tag{name='diskState', value='READY'}, Tag{name='nodeType', value='ELECTABLE'}, Tag{name='provider', value='AWS'}, Tag{name='region', value='US_EAST_1'}, Tag{name='workloadType', value='OPERATIONAL'}]}, electionId=7fffffff00000000000001a7, setVersion=197, topologyVersion=TopologyVersion{processId=68657a5239d4c0707157edb5, counter=6}, lastWriteDate=Sun Jul 06 19:24:36 EDT 2025, lastUpdateTimeNanos=1306511365984700}
2025-07-06T19:24:35.843-04:00  INFO 14988 --- [backend] [ngodb.net:27017] org.mongodb.driver.cluster               : Monitor thread successfully connected to server with description ServerDescription{address=ac-z7k8lud-shard-00-01.gtzs7kd.mongodb.net:27017, type=REPLICA_SET_SECONDARY, cryptd=false, state=CONNECTED, ok=true, minWireVersion=0, maxWireVersion=25, maxDocumentSize=16777216, logicalSessionTimeoutMinutes=30, roundTripTimeNanos=647171400, minRoundTripTimeNanos=0, setName='atlas-sm8x0n-shard-0', canonicalAddress=ac-z7k8lud-shard-00-01.gtzs7kd.mongodb.net:27017, hosts=[ac-z7k8lud-shard-00-00.gtzs7kd.mongodb.net:27017, ac-z7k8lud-shard-00-01.gtzs7kd.mongodb.net:27017, ac-z7k8lud-shard-00-02.gtzs7kd.mongodb.net:27017], passives=[], arbiters=[], primary='ac-z7k8lud-shard-00-02.gtzs7kd.mongodb.net:27017', tagSet=TagSet{[Tag{name='availabilityZone', value='use1-az1'}, Tag{name='diskState', value='READY'}, Tag{name='nodeType', value='ELECTABLE'}, Tag{name='provider', value='AWS'}, Tag{name='region', value='US_EAST_1'}, Tag{name='workloadType', value='OPERATIONAL'}]}, electionId=null, setVersion=197, topologyVersion=TopologyVersion{processId=68657c1bc78e1b0ab89cc15d, counter=3}, lastWriteDate=Sun Jul 06 19:24:36 EDT 2025, lastUpdateTimeNanos=1306511365718400}
2025-07-06T19:24:35.881-04:00  INFO 14988 --- [backend] [ngodb.net:27017] org.mongodb.driver.cluster               : Discovered replica set primary ac-z7k8lud-shard-00-02.gtzs7kd.mongodb.net:27017 with max election id 7fffffff00000000000001a7 and max set version 197
2025-07-06T19:24:38.701-04:00  INFO 14988 --- [backend] [           main] c.c.backend.BackendApplicationTests      : Started BackendApplicationTests in 10.169 seconds (process running for 13.281)
]]></system-out>
  </testcase>
</testsuite>